<?xml version="1.0" encoding="UTF-8"?>
<testng-results ignored="0" total="1" passed="1" failed="0" skipped="0">
  <reporter-output>
  </reporter-output>
  <suite started-at="2022-11-28T13:00:33 IST" name="Default suite" finished-at="2022-11-28T13:00:39 IST" duration-ms="6044">
    <groups>
    </groups>
    <test started-at="2022-11-28T13:00:33 IST" name="Default test" finished-at="2022-11-28T13:00:39 IST" duration-ms="6044">
      <class name="google.com.test.Login">
        <test-method signature="verifyLoginWithValidCredentials()[pri:0, instance:google.com.test.Login@5386659f]" started-at="2022-11-28T13:00:33 IST" name="verifyLoginWithValidCredentials" finished-at="2022-11-28T13:00:39 IST" duration-ms="5944" status="PASS">
          <reporter-output>
          </reporter-output>
        </test-method> <!-- verifyLoginWithValidCredentials -->
      </class> <!-- google.com.test.Login -->
    </test> <!-- Default test -->
  </suite> <!-- Default suite -->
</testng-results>
